<?xml version="1.0" encoding="UTF-8"?>
<!-- Generated by org.testng.reporters.JUnitXMLReporter -->
<testsuite ignored="0" hostname="Anand" failures="1" tests="1" name="Command line test" time="21.75" errors="0" timestamp="06 Feb 2021 07:03:23 GMT">
  <testcase classname="com.Test.TestCal" name="Add" time="4.574">
    <failure type="java.lang.AssertionError" message="expected [hi] but found [true]">
      <![CDATA[java.lang.AssertionError: expected [hi] but found [true]
at com.Test.TestCal.Add(TestCal.java:33)
... Removed 39 stack frames]]>
    </failure>
  </testcase> <!-- Add -->
</testsuite> <!-- Command line test -->
