<?xml version="1.0" encoding="UTF-8"?>
<testng-results ignored="0" total="4" passed="4" failed="0" skipped="0">
  <reporter-output>
  </reporter-output>
  <suite started-at="2021-02-06T09:02:08Z" name="Default suite" finished-at="2021-02-06T09:02:17Z" duration-ms="8777">
    <groups>
    </groups>
    <test started-at="2021-02-06T09:02:08Z" name="Default test" finished-at="2021-02-06T09:02:17Z" duration-ms="8777">
      <class name="com.Test.TestCal">
        <test-method is-config="true" signature="beforeClass()[pri:0, instance:com.Test.TestCal@4f80542f]" started-at="2021-02-06T09:02:08Z" name="beforeClass" finished-at="2021-02-06T09:02:15Z" duration-ms="6557" status="PASS">
          <reporter-output>
          </reporter-output>
        </test-method> <!-- beforeClass -->
        <test-method signature="Add()[pri:0, instance:com.Test.TestCal@4f80542f]" started-at="2021-02-06T09:02:15Z" name="Add" finished-at="2021-02-06T09:02:15Z" duration-ms="772" status="PASS">
          <reporter-output>
          </reporter-output>
        </test-method> <!-- Add -->
        <test-method signature="Division()[pri:0, instance:com.Test.TestCal@4f80542f]" started-at="2021-02-06T09:02:15Z" name="Division" finished-at="2021-02-06T09:02:16Z" duration-ms="390" status="PASS">
          <reporter-output>
          </reporter-output>
        </test-method> <!-- Division -->
        <test-method signature="Multiplication()[pri:0, instance:com.Test.TestCal@4f80542f]" started-at="2021-02-06T09:02:16Z" name="Multiplication" finished-at="2021-02-06T09:02:16Z" duration-ms="348" status="PASS">
          <reporter-output>
          </reporter-output>
        </test-method> <!-- Multiplication -->
        <test-method signature="Substraction()[pri:0, instance:com.Test.TestCal@4f80542f]" started-at="2021-02-06T09:02:16Z" name="Substraction" finished-at="2021-02-06T09:02:17Z" duration-ms="667" status="PASS">
          <reporter-output>
          </reporter-output>
        </test-method> <!-- Substraction -->
        <test-method is-config="true" signature="DriverClose()[pri:0, instance:com.Test.TestCal@4f80542f]" started-at="2021-02-06T09:02:17Z" name="DriverClose" finished-at="2021-02-06T09:02:17Z" duration-ms="1" status="PASS">
          <reporter-output>
          </reporter-output>
        </test-method> <!-- DriverClose -->
      </class> <!-- com.Test.TestCal -->
    </test> <!-- Default test -->
  </suite> <!-- Default suite -->
</testng-results>
