<?xml version="1.0" encoding="UTF-8"?>
<!-- Generated by org.testng.reporters.JUnitXMLReporter -->
<testsuite ignored="0" hostname="Anand" failures="0" tests="4" name="Default test" time="8.777" errors="0" timestamp="06 Feb 2021 09:02:17 GMT">
  <testcase classname="com.Test.TestCal" name="Add" time="0.772"/>
  <testcase classname="com.Test.TestCal" name="Division" time="0.39"/>
  <testcase classname="com.Test.TestCal" name="Multiplication" time="0.348"/>
  <testcase classname="com.Test.TestCal" name="Substraction" time="0.667"/>
</testsuite> <!-- Default test -->
